  [1m[36m (1.0ms)[0m  [1mCREATE TABLE "schema_migrations" ("version" varchar NOT NULL) [0m
  [1m[35m (0.1ms)[0m  select sqlite_version(*)
  [1m[36m (0.9ms)[0m  [1mCREATE UNIQUE INDEX "unique_schema_migrations" ON "schema_migrations" ("version")[0m
  [1m[35mActiveRecord::SchemaMigration Load (0.1ms)[0m  SELECT "schema_migrations".* FROM "schema_migrations"
Migrating to CreateTodos (20150130002303)
  [1m[36m (0.1ms)[0m  [1mbegin transaction[0m
  [1m[35m (0.3ms)[0m  CREATE TABLE "todos" ("id" INTEGER PRIMARY KEY AUTOINCREMENT NOT NULL, "title" varchar NOT NULL, "completed" boolean DEFAULT 'f', "created_at" datetime NOT NULL, "updated_at" datetime NOT NULL) 
  [1m[36mSQL (0.1ms)[0m  [1mINSERT INTO "schema_migrations" ("version") VALUES (?)[0m  [["version", "20150130002303"]]
  [1m[35m (0.7ms)[0m  commit transaction
  [1m[36mActiveRecord::SchemaMigration Load (0.1ms)[0m  [1mSELECT "schema_migrations".* FROM "schema_migrations"[0m


Started GET "/api/v1/todos" for ::1 at 2015-01-29 17:32:09 -0700
  [1m[36mActiveRecord::SchemaMigration Load (0.1ms)[0m  [1mSELECT "schema_migrations".* FROM "schema_migrations"[0m

ActionController::RoutingError (The controller-level `respond_to' feature has been extracted to the `responders` gem. Add it to your Gemfile to continue using this feature:
  gem 'responders', '~> 2.0'
Consult the Rails upgrade guide for details.):
  app/controllers/api/v1/todos_controller.rb:5:in `<class:TodosController>'
  app/controllers/api/v1/todos_controller.rb:3:in `<module:V1>'
  app/controllers/api/v1/todos_controller.rb:2:in `<module:Api>'
  app/controllers/api/v1/todos_controller.rb:1:in `<top (required)>'


  Rendered /Users/derek/.rvm/gems/ruby-2.2.0@todo/gems/web-console-2.0.0/lib/action_dispatch/templates/rescues/_trace.html.erb (2.1ms)
  Rendered /Users/derek/.rvm/gems/ruby-2.2.0@todo/gems/web-console-2.0.0/lib/action_dispatch/templates/routes/_route.html.erb (0.9ms)
  Rendered /Users/derek/.rvm/gems/ruby-2.2.0@todo/gems/web-console-2.0.0/lib/action_dispatch/templates/routes/_table.html.erb (8.1ms)
  Rendered /Users/derek/.rvm/gems/ruby-2.2.0@todo/gems/web-console-2.0.0/lib/action_dispatch/templates/rescues/_request_and_response.html.erb (11.1ms)
  Rendered /Users/derek/.rvm/gems/ruby-2.2.0@todo/gems/web-console-2.0.0/lib/action_dispatch/templates/rescues/_web_console.html.erb (0.9ms)
  Rendered /Users/derek/.rvm/gems/ruby-2.2.0@todo/gems/web-console-2.0.0/lib/action_dispatch/templates/rescues/routing_error.html.erb within rescues/layout (96.2ms)


Started GET "/" for ::1 at 2015-01-29 20:35:59 -0700
  [1m[36mActiveRecord::SchemaMigration Load (0.3ms)[0m  [1mSELECT "schema_migrations".* FROM "schema_migrations"[0m
Processing by Rails::WelcomeController#index as HTML
  Rendered /Users/derek/.rvm/gems/ruby-2.2.0@todo/gems/railties-4.2.0/lib/rails/templates/rails/welcome/index.html.erb (1.3ms)
Completed 200 OK in 16ms (Views: 8.4ms | ActiveRecord: 0.0ms)


Started GET "/api/v1/todos" for ::1 at 2015-01-29 20:36:11 -0700

ActionController::RoutingError (The controller-level `respond_to' feature has been extracted to the `responders` gem. Add it to your Gemfile to continue using this feature:
  gem 'responders', '~> 2.0'
Consult the Rails upgrade guide for details.):
  app/controllers/api/v1/todos_controller.rb:5:in `<class:TodosController>'
  app/controllers/api/v1/todos_controller.rb:3:in `<module:V1>'
  app/controllers/api/v1/todos_controller.rb:2:in `<module:Api>'
  app/controllers/api/v1/todos_controller.rb:1:in `<top (required)>'


  Rendered /Users/derek/.rvm/gems/ruby-2.2.0@todo/gems/web-console-2.0.0/lib/action_dispatch/templates/rescues/_trace.html.erb (1.7ms)
  Rendered /Users/derek/.rvm/gems/ruby-2.2.0@todo/gems/web-console-2.0.0/lib/action_dispatch/templates/routes/_route.html.erb (0.8ms)
  Rendered /Users/derek/.rvm/gems/ruby-2.2.0@todo/gems/web-console-2.0.0/lib/action_dispatch/templates/routes/_table.html.erb (6.0ms)
  Rendered /Users/derek/.rvm/gems/ruby-2.2.0@todo/gems/web-console-2.0.0/lib/action_dispatch/templates/rescues/_request_and_response.html.erb (0.9ms)
  Rendered /Users/derek/.rvm/gems/ruby-2.2.0@todo/gems/web-console-2.0.0/lib/action_dispatch/templates/rescues/_web_console.html.erb (1.1ms)
  Rendered /Users/derek/.rvm/gems/ruby-2.2.0@todo/gems/web-console-2.0.0/lib/action_dispatch/templates/rescues/routing_error.html.erb within rescues/layout (76.7ms)


Started GET "/api/v1/todos" for ::1 at 2015-01-29 20:36:55 -0700
  [1m[36mActiveRecord::SchemaMigration Load (0.1ms)[0m  [1mSELECT "schema_migrations".* FROM "schema_migrations"[0m
Processing by Api::V1::TodosController#index as JSON
  [1m[35mTodo Load (0.4ms)[0m  SELECT "todos".* FROM "todos"  ORDER BY completed ASC, id DESC
Completed 200 OK in 20ms (Views: 1.2ms | ActiveRecord: 0.5ms)
  [1m[36m (0.1ms)[0m  [1mbegin transaction[0m
  [1m[35mSQL (0.6ms)[0m  INSERT INTO "todos" ("title", "created_at", "updated_at") VALUES (?, ?, ?)  [["title", "First todo"], ["created_at", "2015-01-30 03:37:39.317880"], ["updated_at", "2015-01-30 03:37:39.317880"]]
  [1m[36m (1.5ms)[0m  [1mcommit transaction[0m


Started GET "/api/v1/todos" for ::1 at 2015-01-29 20:37:41 -0700
Processing by Api::V1::TodosController#index as JSON
  [1m[36mTodo Load (0.2ms)[0m  [1mSELECT "todos".* FROM "todos"  ORDER BY completed ASC, id DESC[0m
Completed 200 OK in 8ms (Views: 3.4ms | ActiveRecord: 0.3ms)
  [1m[36mActiveRecord::SchemaMigration Load (0.1ms)[0m  [1mSELECT "schema_migrations".* FROM "schema_migrations"[0m
Migrating to CreateUsers (20150130034010)
  [1m[35m (0.1ms)[0m  begin transaction
  [1m[36m (0.3ms)[0m  [1mCREATE TABLE "users" ("id" INTEGER PRIMARY KEY AUTOINCREMENT NOT NULL, "created_at" datetime NOT NULL, "updated_at" datetime NOT NULL) [0m
  [1m[35mSQL (0.1ms)[0m  INSERT INTO "schema_migrations" ("version") VALUES (?)  [["version", "20150130034010"]]
  [1m[36m (0.6ms)[0m  [1mcommit transaction[0m
  [1m[35mActiveRecord::SchemaMigration Load (0.1ms)[0m  SELECT "schema_migrations".* FROM "schema_migrations"
  [1m[36mActiveRecord::SchemaMigration Load (0.1ms)[0m  [1mSELECT "schema_migrations".* FROM "schema_migrations"[0m
Migrating to AddDeviseToUsers (20150130034019)
  [1m[35m (0.1ms)[0m  begin transaction
  [1m[36m (0.4ms)[0m  [1mALTER TABLE "users" ADD "email" varchar DEFAULT '' NOT NULL[0m
  [1m[35m (0.1ms)[0m  ALTER TABLE "users" ADD "encrypted_password" varchar DEFAULT '' NOT NULL
  [1m[36m (0.2ms)[0m  [1mALTER TABLE "users" ADD "reset_password_token" varchar[0m
  [1m[35m (0.1ms)[0m  ALTER TABLE "users" ADD "reset_password_sent_at" datetime
  [1m[36m (0.1ms)[0m  [1mALTER TABLE "users" ADD "remember_created_at" datetime[0m
  [1m[35m (0.1ms)[0m  ALTER TABLE "users" ADD "sign_in_count" integer DEFAULT 0 NOT NULL
  [1m[36m (0.1ms)[0m  [1mALTER TABLE "users" ADD "current_sign_in_at" datetime[0m
  [1m[35m (0.1ms)[0m  ALTER TABLE "users" ADD "last_sign_in_at" datetime
  [1m[36m (0.1ms)[0m  [1mALTER TABLE "users" ADD "current_sign_in_ip" varchar[0m
  [1m[35m (0.2ms)[0m  ALTER TABLE "users" ADD "last_sign_in_ip" varchar
  [1m[36m (0.0ms)[0m  [1mselect sqlite_version(*)[0m
  [1m[35m (0.3ms)[0m  CREATE UNIQUE INDEX "index_users_on_email" ON "users" ("email")
  [1m[36m (0.1ms)[0m  [1m            SELECT sql
            FROM sqlite_master
            WHERE name='index_users_on_email' AND type='index'
            UNION ALL
            SELECT sql
            FROM sqlite_temp_master
            WHERE name='index_users_on_email' AND type='index'
[0m
  [1m[35m (0.1ms)[0m  CREATE UNIQUE INDEX "index_users_on_reset_password_token" ON "users" ("reset_password_token")
  [1m[36mSQL (0.1ms)[0m  [1mINSERT INTO "schema_migrations" ("version") VALUES (?)[0m  [["version", "20150130034019"]]
  [1m[35m (1.1ms)[0m  commit transaction
  [1m[36mActiveRecord::SchemaMigration Load (0.1ms)[0m  [1mSELECT "schema_migrations".* FROM "schema_migrations"[0m
  [1m[35m (0.1ms)[0m              SELECT sql
            FROM sqlite_master
            WHERE name='index_users_on_reset_password_token' AND type='index'
            UNION ALL
            SELECT sql
            FROM sqlite_temp_master
            WHERE name='index_users_on_reset_password_token' AND type='index'

  [1m[36m (0.1ms)[0m  [1m            SELECT sql
            FROM sqlite_master
            WHERE name='index_users_on_email' AND type='index'
            UNION ALL
            SELECT sql
            FROM sqlite_temp_master
            WHERE name='index_users_on_email' AND type='index'
[0m


Started GET "/api/v1/todos" for ::1 at 2015-01-29 20:40:51 -0700

NoMethodError (undefined method `devise_for' for #<ActionDispatch::Routing::Mapper:0x007fb7fbec1f98>):
  config/routes.rb:2:in `block in <top (required)>'
  config/routes.rb:1:in `<top (required)>'


  Rendered /Users/derek/.rvm/gems/ruby-2.2.0@todo/gems/web-console-2.0.0/lib/action_dispatch/templates/rescues/_source.erb (3.0ms)
  Rendered /Users/derek/.rvm/gems/ruby-2.2.0@todo/gems/web-console-2.0.0/lib/action_dispatch/templates/rescues/_trace.html.erb (1.3ms)
  Rendered /Users/derek/.rvm/gems/ruby-2.2.0@todo/gems/web-console-2.0.0/lib/action_dispatch/templates/rescues/_request_and_response.html.erb (0.8ms)
  Rendered /Users/derek/.rvm/gems/ruby-2.2.0@todo/gems/web-console-2.0.0/lib/action_dispatch/templates/rescues/_web_console.html.erb (0.7ms)
  Rendered /Users/derek/.rvm/gems/ruby-2.2.0@todo/gems/web-console-2.0.0/lib/action_dispatch/templates/rescues/diagnostics.html.erb within rescues/layout (54.3ms)


Started GET "/api/v1/todos" for ::1 at 2015-01-29 20:40:59 -0700
  [1m[36mActiveRecord::SchemaMigration Load (0.1ms)[0m  [1mSELECT "schema_migrations".* FROM "schema_migrations"[0m
Processing by Api::V1::TodosController#index as JSON
  [1m[35mTodo Load (0.2ms)[0m  SELECT "todos".* FROM "todos"  ORDER BY completed ASC, id DESC
Completed 200 OK in 25ms (Views: 3.2ms | ActiveRecord: 0.4ms)


Started GET "/api/v1/todos" for ::1 at 2015-01-29 20:41:01 -0700
Processing by Api::V1::TodosController#index as JSON
  [1m[36mTodo Load (0.2ms)[0m  [1mSELECT "todos".* FROM "todos"  ORDER BY completed ASC, id DESC[0m
Completed 200 OK in 9ms (Views: 1.1ms | ActiveRecord: 0.2ms)


Started GET "/api/v1/todos" for ::1 at 2015-01-29 20:41:20 -0700
Processing by Api::V1::TodosController#index as JSON
Completed 401 Unauthorized in 9ms
  [1m[36mUser Load (0.2ms)[0m  [1mSELECT  "users".* FROM "users"  ORDER BY "users"."id" ASC LIMIT 1[0m
  [1m[35m (0.2ms)[0m  begin transaction
  [1m[36mUser Exists (0.2ms)[0m  [1mSELECT  1 AS one FROM "users" WHERE "users"."email" = 'indesicant@gmail.com' LIMIT 1[0m
  [1m[35mSQL (0.3ms)[0m  INSERT INTO "users" ("email", "encrypted_password", "created_at", "updated_at") VALUES (?, ?, ?, ?)  [["email", "indesicant@gmail.com"], ["encrypted_password", "$2a$10$sy2DJwdsCmZPcYW/EXnViuwx9ku4PFpeDcT8hrar1EiO64GMW/c52"], ["created_at", "2015-01-30 03:42:06.082028"], ["updated_at", "2015-01-30 03:42:06.082028"]]
  [1m[36m (0.5ms)[0m  [1mcommit transaction[0m
  [1m[35mUser Load (0.2ms)[0m  SELECT  "users".* FROM "users"  ORDER BY "users"."id" ASC LIMIT 1


Started GET "/api/v1/todos" for ::1 at 2015-01-29 20:42:14 -0700
Processing by Api::V1::TodosController#index as JSON
Completed 401 Unauthorized in 0ms


Started GET "/api/v1/todos" for ::1 at 2015-01-29 20:43:07 -0700
Processing by Api::V1::TodosController#index as JSON
Completed 401 Unauthorized in 4ms


Started GET "/api/v1/todos" for ::1 at 2015-01-29 20:46:44 -0700
Processing by Api::V1::TodosController#index as JSON
Completed 401 Unauthorized in 3ms


Started GET "/api/v1/todos" for ::1 at 2015-01-29 20:47:07 -0700
Processing by Api::V1::TodosController#index as JSON
Completed 401 Unauthorized in 0ms


Started GET "/" for ::1 at 2015-02-06 12:35:00 -0500
  [1m[36mActiveRecord::SchemaMigration Load (0.3ms)[0m  [1mSELECT "schema_migrations".* FROM "schema_migrations"[0m
Processing by Rails::WelcomeController#index as HTML
  Rendered /Users/derek/.rvm/gems/ruby-2.2.0@todo/gems/railties-4.2.0/lib/rails/templates/rails/welcome/index.html.erb (1.4ms)
Completed 200 OK in 16ms (Views: 9.3ms | ActiveRecord: 0.0ms)
